<?xml version="1.0" encoding="UTF-8" ?>
<testsuite failures="0" time="0.2" errors="0" skipped="0" tests="80" name="org.apache.shindig.common.util.CheckTest">
  <properties>
[...]
</properties>
  <testcase time="0.01" name="is_Message_ThrowsWhenFalse"/>
  <testcase time="0.01" name="is_MessageArgs_ThrowsWhenFalse"/>
  <testcase time="0" name="is_Message_ReturnsWhenTrue"/>
  <testcase time="0.01" name="is_MessageArgs_ReturnsWhenTrue"/>
  <testcase time="0.02" name="eq_Message_ThrowsWhenNotEqual"/>
  <testcase time="0" name="eq_MessageArgs_ThrowsWhenNotEqual"/>
  <testcase time="0" name="eq_Message_ReturnsWhenEqual"/>
  <testcase time="0.01" name="eq_MessageArgs_ReturnsWhenEqual"/>
  <testcase time="0" name="that_ThrowsWhenFalse"/>
  <testcase time="0" name="that_Message_ThrowsWhenFalse"/>
  <testcase time="0" name="that_MessageArgs_ThrowsWhenFalse"/>
  <testcase time="0" name="that_ReturnsWhenTrue"/>
  <testcase time="0.01" name="that_Message_ReturnsWhenTrue"/>
  <testcase time="0" name="that_MessageArgs_ReturnsWhenTrue"/>
  <testcase time="0" name="notNull_ThrowsWhenNotNull"/>
  <testcase time="0" name="notNull_ReturnsWhenNull"/>
  <testcase time="0" name="notNull_Message_ThrowsWhenNotNull"/>
  <testcase time="0" name="notNull_Message_ReturnsWhenNull"/>
  <testcase time="0" name="notNull_MessageArgs_ThrowsWhenNotNull"/>
  <testcase time="0" name="notNull_MessageArgs_ReturnsWhenNull"/>
  <testcase time="0" name="notEmptyString_ThrowsWhenNull"/>
  <testcase time="0.01" name="notEmptyString_ThrowsWhenEmpty"/>
  <testcase time="0" name="notEmptyString_ReturnsWhenNotEmpty"/>
  <testcase time="0" name="notEmptyString_Message_ThrowsWhenNull"/>
  <testcase time="0" name="notEmptyString_Message_ThrowsWhenEmpty"/>
  <testcase time="0" name="notEmptyString_Message_ReturnsWhenNotEmpty"/>
  <testcase time="0" name="notEmptyString_MessageArgs_ThrowsWhenNull"/>
  <testcase time="0.01" name="notEmptyString_MessageArgs_ThrowsWhenEmpty"/>
  <testcase time="0" name="notEmptyString_MessageArgs_ReturnsWhenNotEmpty"/>
  <testcase time="0" name="notEmptyObjectArray_ThrowsWhenNull"/>
  <testcase time="0" name="notEmptyObjectArray_ThrowsWhenEmpty"/>
  <testcase time="0" name="notEmptyObjectArray_ReturnsWhenNotEmpty"/>
  <testcase time="0" name="notEmptyObjectArray_Message_ThrowsWhenNull"/>
  <testcase time="0.01" name="notEmptyObjectArray_Message_ThrowsWhenEmpty"/>
  <testcase time="0" name="notEmptyObjectArray_Message_ReturnsWhenNotEmpty"/>
  <testcase time="0" name="notEmptyObjectArray_MessageArgs_ThrowsWhenNull"/>
  <testcase time="0" name="notEmptyObjectArray_MessageArgs_ThrowsWhenEmpty"/>
  <testcase time="0" name="notEmptyObjectArray_MessageArgs_ReturnsWhenNotEmpty"/>
  <testcase time="0.01" name="notEmptyCollection_ThrowsWhenNull"/>
  <testcase time="0" name="notEmptyCollection_ThrowsWhenEmpty"/>
  <testcase time="0" name="notEmptyCollection_ReturnsWhenNotEmpty"/>
  <testcase time="0" name="notEmptyCollection_Message_ThrowsWhenNull"/>
  <testcase time="0" name="notEmptyCollection_Message_ThrowsWhenEmpty"/>
  <testcase time="0" name="notEmptyCollection_Message_ReturnsWhenNotEmpty"/>
  <testcase time="0.01" name="notEmptyCollection_MessageArgs_ThrowsWhenNull"/>
  <testcase time="0" name="notEmptyCollection_MessageArgs_ThrowsWhenEmpty"/>
  <testcase time="0" name="notEmptyCollection_MessageArgs_ReturnsWhenNotEmpty"/>
  <testcase time="0" name="notEmptyMap_ThrowsWhenNull"/>
  <testcase time="0" name="notEmptyMap_ThrowsWhenEmpty"/>
  <testcase time="0.01" name="notEmptyMap_ReturnsWhenNotEmpty"/>
  <testcase time="0" name="notEmptyMap_Message_ThrowsWhenNull"/>
  <testcase time="0" name="notEmptyMap_Message_ThrowsWhenEmpty"/>
  <testcase time="0" name="notEmptyMap_Message_ReturnsWhenNotEmpty"/>
  <testcase time="0" name="notEmptyMap_MessageArgs_ThrowsWhenNull"/>
  <testcase time="0" name="notEmptyMap_MessageArgs_ThrowsWhenEmpty"/>
  <testcase time="0.01" name="notEmptyMap_MessageArgs_ReturnsWhenNotEmpty"/>
  <testcase time="0" name="noNullsObjectArray_ReturnsWhenNull"/>
  <testcase time="0" name="noNullsObjectArray_ReturnsWhenEmpty"/>
  <testcase time="0" name="noNullsObjectArray_ReturnsWhenNotEmptyWithNoNulls"/>
  <testcase time="0" name="noNullsObjectArray_ThrowsWhenHasANull"/>
  <testcase time="0" name="noNullsObjectArray_Message_ReturnsWhenNull"/>
  <testcase time="0.01" name="noNullsObjectArray_Message_ReturnsWhenEmpty"/>
  <testcase time="0" name="noNullsObjectArray_Message_ReturnsWhenNotEmptyWithNoNulls"/>
  <testcase time="0" name="noNullsObjectArray_Message_ThrowsWhenHasANull"/>
  <testcase time="0" name="noNullsObjectArray_MessageArgs_ReturnsWhenNull"/>
  <testcase time="0" name="noNullsObjectArray_MessageArgs_ReturnsWhenEmpty"/>
  <testcase time="0.01" name="noNullsObjectArray_MessageArgs_ReturnsWhenNotEmptyWithNoNulls"/>
  <testcase time="0" name="noNullsObjectArray_MessageArgs_ThrowsWhenHasANull"/>
  <testcase time="0" name="noNullsIterable_ReturnsWhenNull"/>
  <testcase time="0" name="noNullsList_ReturnsWhenEmpty"/>
  <testcase time="0" name="noNullsList_ReturnsWhenNotEmptyWithNoNulls"/>
  <testcase time="0" name="noNullsList_ThrowsWhenHasANull"/>
  <testcase time="0.01" name="noNullsIterable_Message_ReturnsWhenNull"/>
  <testcase time="0" name="noNullsList_Message_ReturnsWhenEmpty"/>
  <testcase time="0" name="noNullsList_Message_ReturnsWhenNotEmptyWithNoNulls"/>
  <testcase time="0" name="noNullsList_Message_ThrowsWhenHasANull"/>
  <testcase time="0" name="noNullsIterable_MessageArgs_ReturnsWhenNull"/>
  <testcase time="0" name="noNullsList_MessageArgs_ReturnsWhenEmpty"/>
  <testcase time="0.01" name="noNullsList_MessageArgs_ReturnsWhenNotEmptyWithNoNulls"/>
  <testcase time="0" name="noNullsList_MessageArgs_ThrowsWhenHasANull"/>
</testsuite>